2023-02-03 14:33:47,320 DEBUG    root            Loaded Command Group: ['gcloud', 'components']
2023-02-03 14:33:47,323 DEBUG    root            Loaded Command Group: ['gcloud', 'components', 'update']
2023-02-03 14:33:47,325 DEBUG    root            Running [gcloud.components.update] with arguments: [--quiet: "True", COMPONENT-IDS:8: "['gcloud', 'core', 'bq', 'gsutil', 'compute', 'preview', 'alpha', 'beta']"]
2023-02-03 14:33:47,326 INFO     ___FILE_ONLY___ Beginning update. This process may take several minutes.

2023-02-03 14:33:47,330 DEBUG    urllib3.connectionpool Starting new HTTPS connection (1): dl.google.com:443
2023-02-03 14:33:47,356 DEBUG    urllib3.connectionpool https://dl.google.com:443 "GET /dl/cloudsdk/channels/rapid/components-2.json HTTP/1.1" 200 206155
2023-02-03 14:33:47,372 WARNING  root            Component [preview] no longer exists.
2023-02-03 14:33:47,373 WARNING  root            Component [compute] no longer exists.
2023-02-03 14:33:47,374 INFO     ___FILE_ONLY___ 

2023-02-03 14:33:47,374 INFO     ___FILE_ONLY___ 
Your current Google Cloud CLI version is: 416.0.0

2023-02-03 14:33:47,374 INFO     ___FILE_ONLY___ Installing components from version: 416.0.0

2023-02-03 14:33:47,374 INFO     ___FILE_ONLY___ 

2023-02-03 14:33:47,375 DEBUG    root            Chosen display Format:table[box,title="These components will be removed."](details.display_name:label=Name:align=left,version.version_string:label=Version:align=right,data.size.size(zero="",min=1048576):label=Size:align=right)
2023-02-03 14:33:47,375 DEBUG    root            Chosen display Format:table[box,title="These components will be updated."](details.display_name:label=Name:align=left,version.version_string:label=Version:align=right,data.size.size(zero="",min=1048576):label=Size:align=right)
2023-02-03 14:33:47,376 DEBUG    root            Chosen display Format:table[box,title="These components will be installed."](details.display_name:label=Name:align=left,version.version_string:label=Version:align=right,data.size.size(zero="",min=1048576):label=Size:align=right)
2023-02-03 14:33:47,378 INFO     ___FILE_ONLY___ ┌──────────────────────────────────────────────┐
2023-02-03 14:33:47,378 INFO     ___FILE_ONLY___ 

2023-02-03 14:33:47,378 INFO     ___FILE_ONLY___ │     These components will be installed.      │
2023-02-03 14:33:47,378 INFO     ___FILE_ONLY___ 

2023-02-03 14:33:47,378 INFO     ___FILE_ONLY___ ├───────────────────────┬────────────┬─────────┤
2023-02-03 14:33:47,378 INFO     ___FILE_ONLY___ 

2023-02-03 14:33:47,378 INFO     ___FILE_ONLY___ │          Name         │  Version   │   Size  │
2023-02-03 14:33:47,378 INFO     ___FILE_ONLY___ 

2023-02-03 14:33:47,378 INFO     ___FILE_ONLY___ ├───────────────────────┼────────────┼─────────┤
2023-02-03 14:33:47,378 INFO     ___FILE_ONLY___ 

2023-02-03 14:33:47,378 INFO     ___FILE_ONLY___ │ 
2023-02-03 14:33:47,379 INFO     ___FILE_ONLY___ gcloud Alpha Commands
2023-02-03 14:33:47,379 INFO     ___FILE_ONLY___  
2023-02-03 14:33:47,379 INFO     ___FILE_ONLY___ │ 
2023-02-03 14:33:47,379 INFO     ___FILE_ONLY___ 2023.01.30
2023-02-03 14:33:47,379 INFO     ___FILE_ONLY___  
2023-02-03 14:33:47,379 INFO     ___FILE_ONLY___ │ 
2023-02-03 14:33:47,379 INFO     ___FILE_ONLY___ < 1 MiB
2023-02-03 14:33:47,379 INFO     ___FILE_ONLY___  
2023-02-03 14:33:47,379 INFO     ___FILE_ONLY___ │
2023-02-03 14:33:47,379 INFO     ___FILE_ONLY___ 

2023-02-03 14:33:47,380 INFO     ___FILE_ONLY___ │ 
2023-02-03 14:33:47,380 INFO     ___FILE_ONLY___ gcloud Beta Commands 
2023-02-03 14:33:47,380 INFO     ___FILE_ONLY___  
2023-02-03 14:33:47,380 INFO     ___FILE_ONLY___ │ 
2023-02-03 14:33:47,380 INFO     ___FILE_ONLY___ 2023.01.30
2023-02-03 14:33:47,380 INFO     ___FILE_ONLY___  
2023-02-03 14:33:47,380 INFO     ___FILE_ONLY___ │ 
2023-02-03 14:33:47,380 INFO     ___FILE_ONLY___ < 1 MiB
2023-02-03 14:33:47,380 INFO     ___FILE_ONLY___  
2023-02-03 14:33:47,380 INFO     ___FILE_ONLY___ │
2023-02-03 14:33:47,381 INFO     ___FILE_ONLY___ 

2023-02-03 14:33:47,381 INFO     ___FILE_ONLY___ └───────────────────────┴────────────┴─────────┘
2023-02-03 14:33:47,381 INFO     ___FILE_ONLY___ 

2023-02-03 14:33:47,381 INFO     ___FILE_ONLY___ 

2023-02-03 14:33:47,383 DEBUG    urllib3.connectionpool Starting new HTTPS connection (1): dl.google.com:443
2023-02-03 14:33:47,403 DEBUG    urllib3.connectionpool https://dl.google.com:443 "GET /dl/cloudsdk/channels/rapid/RELEASE_NOTES HTTP/1.1" 200 936445
2023-02-03 14:33:47,429 INFO     ___FILE_ONLY___ For the latest full release notes, please visit:
  https://cloud.google.com/sdk/release_notes


2023-02-03 14:33:47,435 INFO     ___FILE_ONLY___ ╔════════════════════════════════════════════════════════════╗

2023-02-03 14:33:47,436 INFO     ___FILE_ONLY___ ╠═ Creating update staging area                             ═╣

2023-02-03 14:33:47,436 INFO     ___FILE_ONLY___ ╚
2023-02-03 14:33:47,436 INFO     ___FILE_ONLY___ ══════
2023-02-03 14:33:48,021 INFO     ___FILE_ONLY___ ══════
2023-02-03 14:33:48,022 INFO     ___FILE_ONLY___ ══════
2023-02-03 14:33:48,323 INFO     ___FILE_ONLY___ ═
2023-02-03 14:33:48,396 INFO     ___FILE_ONLY___ ═
2023-02-03 14:33:48,491 INFO     ___FILE_ONLY___ ═
2023-02-03 14:33:48,596 INFO     ___FILE_ONLY___ ═
2023-02-03 14:33:48,710 INFO     ___FILE_ONLY___ ═
2023-02-03 14:33:48,842 INFO     ___FILE_ONLY___ ═
2023-02-03 14:33:48,914 INFO     ___FILE_ONLY___ ═
2023-02-03 14:33:48,980 INFO     ___FILE_ONLY___ ═
2023-02-03 14:33:49,132 INFO     ___FILE_ONLY___ ═
2023-02-03 14:33:49,204 INFO     ___FILE_ONLY___ ═
2023-02-03 14:33:49,288 INFO     ___FILE_ONLY___ ═
2023-02-03 14:33:49,383 INFO     ___FILE_ONLY___ ═
2023-02-03 14:33:49,464 INFO     ___FILE_ONLY___ ═
2023-02-03 14:33:49,534 INFO     ___FILE_ONLY___ ═
2023-02-03 14:33:49,713 INFO     ___FILE_ONLY___ ═
2023-02-03 14:33:49,869 INFO     ___FILE_ONLY___ ═
2023-02-03 14:33:49,988 INFO     ___FILE_ONLY___ ═
2023-02-03 14:33:50,349 INFO     ___FILE_ONLY___ ═
2023-02-03 14:33:50,414 INFO     ___FILE_ONLY___ ═
2023-02-03 14:33:50,484 INFO     ___FILE_ONLY___ ═
2023-02-03 14:33:50,540 INFO     ___FILE_ONLY___ ═
2023-02-03 14:33:50,602 INFO     ___FILE_ONLY___ ═
2023-02-03 14:33:50,660 INFO     ___FILE_ONLY___ ═
2023-02-03 14:33:50,738 INFO     ___FILE_ONLY___ ═
2023-02-03 14:33:50,825 INFO     ___FILE_ONLY___ ═
2023-02-03 14:33:50,896 INFO     ___FILE_ONLY___ ═
2023-02-03 14:33:51,075 INFO     ___FILE_ONLY___ ═
2023-02-03 14:33:51,138 INFO     ___FILE_ONLY___ ═
2023-02-03 14:33:51,201 INFO     ___FILE_ONLY___ ═
2023-02-03 14:33:51,257 INFO     ___FILE_ONLY___ ═
2023-02-03 14:33:51,325 INFO     ___FILE_ONLY___ ═
2023-02-03 14:33:51,391 INFO     ___FILE_ONLY___ ═
2023-02-03 14:33:51,456 INFO     ___FILE_ONLY___ ═
2023-02-03 14:33:51,516 INFO     ___FILE_ONLY___ ═
2023-02-03 14:33:51,582 INFO     ___FILE_ONLY___ ═
2023-02-03 14:33:51,641 INFO     ___FILE_ONLY___ ═
2023-02-03 14:33:51,689 INFO     ___FILE_ONLY___ ═
2023-02-03 14:33:51,758 INFO     ___FILE_ONLY___ ═
2023-02-03 14:33:51,828 INFO     ___FILE_ONLY___ ═
2023-02-03 14:33:51,914 INFO     ___FILE_ONLY___ ═
2023-02-03 14:33:52,010 INFO     ___FILE_ONLY___ ═
2023-02-03 14:33:52,089 INFO     ___FILE_ONLY___ ═
2023-02-03 14:33:52,089 INFO     ___FILE_ONLY___ ╝

2023-02-03 14:33:54,672 INFO     ___FILE_ONLY___ ╔════════════════════════════════════════════════════════════╗

2023-02-03 14:33:54,672 INFO     ___FILE_ONLY___ ╠═ Installing: gcloud Alpha Commands                        ═╣

2023-02-03 14:33:54,672 INFO     ___FILE_ONLY___ ╚
2023-02-03 14:33:54,676 DEBUG    urllib3.connectionpool Starting new HTTPS connection (1): dl.google.com:443
2023-02-03 14:33:54,693 DEBUG    urllib3.connectionpool https://dl.google.com:443 "GET /dl/cloudsdk/channels/rapid/components/google-cloud-sdk-alpha-20230130152419.tar.gz HTTP/1.1" 200 800
2023-02-03 14:33:54,694 INFO     ___FILE_ONLY___ ══════════════════════════════
2023-02-03 14:33:54,696 INFO     ___FILE_ONLY___ ══════════════════════════════
2023-02-03 14:33:54,696 INFO     ___FILE_ONLY___ ╝

2023-02-03 14:33:54,708 INFO     ___FILE_ONLY___ ╔════════════════════════════════════════════════════════════╗

2023-02-03 14:33:54,708 INFO     ___FILE_ONLY___ ╠═ Installing: gcloud Beta Commands                         ═╣

2023-02-03 14:33:54,708 INFO     ___FILE_ONLY___ ╚
2023-02-03 14:33:54,712 DEBUG    urllib3.connectionpool Starting new HTTPS connection (1): dl.google.com:443
2023-02-03 14:33:54,733 DEBUG    urllib3.connectionpool https://dl.google.com:443 "GET /dl/cloudsdk/channels/rapid/components/google-cloud-sdk-beta-20230130152419.tar.gz HTTP/1.1" 200 797
2023-02-03 14:33:54,734 INFO     ___FILE_ONLY___ ══════════════════════════════
2023-02-03 14:33:54,735 INFO     ___FILE_ONLY___ ══════════════════════════════
2023-02-03 14:33:54,735 INFO     ___FILE_ONLY___ ╝

2023-02-03 14:33:54,745 INFO     ___FILE_ONLY___ ╔════════════════════════════════════════════════════════════╗

2023-02-03 14:33:54,746 INFO     ___FILE_ONLY___ ╠═ Creating backup and activating new installation          ═╣

2023-02-03 14:33:54,746 INFO     ___FILE_ONLY___ ╚
2023-02-03 14:33:54,746 DEBUG    root            Attempting to move directory [/tools/google-cloud-sdk] to [/tools/google-cloud-sdk.staging/.install/.backup]
2023-02-03 14:33:54,747 INFO     ___FILE_ONLY___ ══════════════════════════════
2023-02-03 14:33:54,747 DEBUG    root            Attempting to move directory [/tools/google-cloud-sdk.staging] to [/tools/google-cloud-sdk]
2023-02-03 14:33:54,747 INFO     ___FILE_ONLY___ ══════════════════════════════
2023-02-03 14:33:54,747 INFO     ___FILE_ONLY___ ╝

2023-02-03 14:33:54,752 DEBUG    root            Updating notification cache...
2023-02-03 14:33:54,752 INFO     ___FILE_ONLY___ 

2023-02-03 14:33:54,757 INFO     ___FILE_ONLY___ Performing post processing steps...
2023-02-03 14:33:54,758 DEBUG    root            Executing command: ['python3', '-S', '/tools/google-cloud-sdk/lib/gcloud.py', 'components', 'post-process']
2023-02-03 14:34:20,512 DEBUG    ___FILE_ONLY___ 
2023-02-03 14:34:20,512 DEBUG    ___FILE_ONLY___ 
2023-02-03 14:34:20,547 INFO     ___FILE_ONLY___ 
Update done!


2023-02-03 14:34:20,551 DEBUG    root            Chosen display Format:none
2023-02-03 14:34:20,551 INFO     root            Display format: "none"
