2023-02-03 14:32:56,624 DEBUG    root            Loaded Command Group: ['gcloud', 'components']
2023-02-03 14:32:56,628 DEBUG    root            Loaded Command Group: ['gcloud', 'components', 'update']
2023-02-03 14:32:56,631 DEBUG    root            Running [gcloud.components.update] with arguments: [--allow-no-backup: "True", --quiet: "True", COMPONENT-IDS:7: "['core', 'gcloud-deps', 'bq', 'gcloud', 'gcloud-crc32c', 'gsutil', 'anthoscli']"]
2023-02-03 14:32:56,631 INFO     ___FILE_ONLY___ Beginning update. This process may take several minutes.

2023-02-03 14:33:08,659 DEBUG    urllib3.connectionpool Starting new HTTPS connection (1): dl.google.com:443
2023-02-03 14:33:08,677 DEBUG    urllib3.connectionpool https://dl.google.com:443 "GET /dl/cloudsdk/channels/rapid/components-2.json HTTP/1.1" 200 206155
2023-02-03 14:33:08,692 INFO     ___FILE_ONLY___ 

2023-02-03 14:33:08,692 INFO     ___FILE_ONLY___ 
Your current Google Cloud CLI version is: 416.0.0

2023-02-03 14:33:08,692 INFO     ___FILE_ONLY___ Installing components from version: 416.0.0

2023-02-03 14:33:08,692 INFO     ___FILE_ONLY___ 

2023-02-03 14:33:08,693 DEBUG    root            Chosen display Format:table[box,title="These components will be removed."](details.display_name:label=Name:align=left,version.version_string:label=Version:align=right,data.size.size(zero="",min=1048576):label=Size:align=right)
2023-02-03 14:33:08,693 DEBUG    root            Chosen display Format:table[box,title="These components will be updated."](details.display_name:label=Name:align=left,version.version_string:label=Version:align=right,data.size.size(zero="",min=1048576):label=Size:align=right)
2023-02-03 14:33:08,694 DEBUG    root            Chosen display Format:table[box,title="These components will be installed."](details.display_name:label=Name:align=left,version.version_string:label=Version:align=right,data.size.size(zero="",min=1048576):label=Size:align=right)
2023-02-03 14:33:08,700 INFO     ___FILE_ONLY___ ┌─────────────────────────────────────────────────────────────────────────────┐
2023-02-03 14:33:08,700 INFO     ___FILE_ONLY___ 

2023-02-03 14:33:08,700 INFO     ___FILE_ONLY___ │                     These components will be installed.                     │
2023-02-03 14:33:08,700 INFO     ___FILE_ONLY___ 

2023-02-03 14:33:08,700 INFO     ___FILE_ONLY___ ├─────────────────────────────────────────────────────┬────────────┬──────────┤
2023-02-03 14:33:08,700 INFO     ___FILE_ONLY___ 

2023-02-03 14:33:08,700 INFO     ___FILE_ONLY___ │                         Name                        │  Version   │   Size   │
2023-02-03 14:33:08,700 INFO     ___FILE_ONLY___ 

2023-02-03 14:33:08,700 INFO     ___FILE_ONLY___ ├─────────────────────────────────────────────────────┼────────────┼──────────┤
2023-02-03 14:33:08,700 INFO     ___FILE_ONLY___ 

2023-02-03 14:33:08,700 INFO     ___FILE_ONLY___ │ 
2023-02-03 14:33:08,701 INFO     ___FILE_ONLY___ BigQuery Command Line Tool                         
2023-02-03 14:33:08,701 INFO     ___FILE_ONLY___  
2023-02-03 14:33:08,701 INFO     ___FILE_ONLY___ │ 
2023-02-03 14:33:08,701 INFO     ___FILE_ONLY___     2.0.84
2023-02-03 14:33:08,701 INFO     ___FILE_ONLY___  
2023-02-03 14:33:08,701 INFO     ___FILE_ONLY___ │ 
2023-02-03 14:33:08,701 INFO     ___FILE_ONLY___  1.6 MiB
2023-02-03 14:33:08,701 INFO     ___FILE_ONLY___  
2023-02-03 14:33:08,701 INFO     ___FILE_ONLY___ │
2023-02-03 14:33:08,701 INFO     ___FILE_ONLY___ 

2023-02-03 14:33:08,701 INFO     ___FILE_ONLY___ │ 
2023-02-03 14:33:08,701 INFO     ___FILE_ONLY___ BigQuery Command Line Tool (Platform Specific)     
2023-02-03 14:33:08,701 INFO     ___FILE_ONLY___  
2023-02-03 14:33:08,701 INFO     ___FILE_ONLY___ │ 
2023-02-03 14:33:08,702 INFO     ___FILE_ONLY___     2.0.77
2023-02-03 14:33:08,702 INFO     ___FILE_ONLY___  
2023-02-03 14:33:08,702 INFO     ___FILE_ONLY___ │ 
2023-02-03 14:33:08,702 INFO     ___FILE_ONLY___  < 1 MiB
2023-02-03 14:33:08,702 INFO     ___FILE_ONLY___  
2023-02-03 14:33:08,702 INFO     ___FILE_ONLY___ │
2023-02-03 14:33:08,702 INFO     ___FILE_ONLY___ 

2023-02-03 14:33:08,702 INFO     ___FILE_ONLY___ │ 
2023-02-03 14:33:08,702 INFO     ___FILE_ONLY___ Bundled Python 3.9                                 
2023-02-03 14:33:08,702 INFO     ___FILE_ONLY___  
2023-02-03 14:33:08,702 INFO     ___FILE_ONLY___ │ 
2023-02-03 14:33:08,702 INFO     ___FILE_ONLY___     3.9.16
2023-02-03 14:33:08,702 INFO     ___FILE_ONLY___  
2023-02-03 14:33:08,702 INFO     ___FILE_ONLY___ │ 
2023-02-03 14:33:08,702 INFO     ___FILE_ONLY___ 63.4 MiB
2023-02-03 14:33:08,703 INFO     ___FILE_ONLY___  
2023-02-03 14:33:08,703 INFO     ___FILE_ONLY___ │
2023-02-03 14:33:08,703 INFO     ___FILE_ONLY___ 

2023-02-03 14:33:08,703 INFO     ___FILE_ONLY___ │ 
2023-02-03 14:33:08,703 INFO     ___FILE_ONLY___ Cloud Storage Command Line Tool                    
2023-02-03 14:33:08,703 INFO     ___FILE_ONLY___  
2023-02-03 14:33:08,703 INFO     ___FILE_ONLY___ │ 
2023-02-03 14:33:08,703 INFO     ___FILE_ONLY___       5.19
2023-02-03 14:33:08,703 INFO     ___FILE_ONLY___  
2023-02-03 14:33:08,703 INFO     ___FILE_ONLY___ │ 
2023-02-03 14:33:08,703 INFO     ___FILE_ONLY___ 15.6 MiB
2023-02-03 14:33:08,703 INFO     ___FILE_ONLY___  
2023-02-03 14:33:08,703 INFO     ___FILE_ONLY___ │
2023-02-03 14:33:08,703 INFO     ___FILE_ONLY___ 

2023-02-03 14:33:08,703 INFO     ___FILE_ONLY___ │ 
2023-02-03 14:33:08,704 INFO     ___FILE_ONLY___ Cloud Storage Command Line Tool (Platform Specific)
2023-02-03 14:33:08,704 INFO     ___FILE_ONLY___  
2023-02-03 14:33:08,704 INFO     ___FILE_ONLY___ │ 
2023-02-03 14:33:08,704 INFO     ___FILE_ONLY___       5.13
2023-02-03 14:33:08,704 INFO     ___FILE_ONLY___  
2023-02-03 14:33:08,704 INFO     ___FILE_ONLY___ │ 
2023-02-03 14:33:08,704 INFO     ___FILE_ONLY___  < 1 MiB
2023-02-03 14:33:08,704 INFO     ___FILE_ONLY___  
2023-02-03 14:33:08,704 INFO     ___FILE_ONLY___ │
2023-02-03 14:33:08,704 INFO     ___FILE_ONLY___ 

2023-02-03 14:33:08,704 INFO     ___FILE_ONLY___ │ 
2023-02-03 14:33:08,704 INFO     ___FILE_ONLY___ Google Cloud CLI Core Libraries (Platform Specific)
2023-02-03 14:33:08,704 INFO     ___FILE_ONLY___  
2023-02-03 14:33:08,704 INFO     ___FILE_ONLY___ │ 
2023-02-03 14:33:08,704 INFO     ___FILE_ONLY___ 2022.09.20
2023-02-03 14:33:08,705 INFO     ___FILE_ONLY___  
2023-02-03 14:33:08,705 INFO     ___FILE_ONLY___ │ 
2023-02-03 14:33:08,705 INFO     ___FILE_ONLY___  < 1 MiB
2023-02-03 14:33:08,705 INFO     ___FILE_ONLY___  
2023-02-03 14:33:08,705 INFO     ___FILE_ONLY___ │
2023-02-03 14:33:08,705 INFO     ___FILE_ONLY___ 

2023-02-03 14:33:08,705 INFO     ___FILE_ONLY___ │ 
2023-02-03 14:33:08,705 INFO     ___FILE_ONLY___ Google Cloud CRC32C Hash Tool                      
2023-02-03 14:33:08,705 INFO     ___FILE_ONLY___  
2023-02-03 14:33:08,705 INFO     ___FILE_ONLY___ │ 
2023-02-03 14:33:08,705 INFO     ___FILE_ONLY___      1.0.0
2023-02-03 14:33:08,705 INFO     ___FILE_ONLY___  
2023-02-03 14:33:08,705 INFO     ___FILE_ONLY___ │ 
2023-02-03 14:33:08,705 INFO     ___FILE_ONLY___  1.2 MiB
2023-02-03 14:33:08,705 INFO     ___FILE_ONLY___  
2023-02-03 14:33:08,706 INFO     ___FILE_ONLY___ │
2023-02-03 14:33:08,706 INFO     ___FILE_ONLY___ 

2023-02-03 14:33:08,706 INFO     ___FILE_ONLY___ │ 
2023-02-03 14:33:08,706 INFO     ___FILE_ONLY___ anthoscli                                          
2023-02-03 14:33:08,706 INFO     ___FILE_ONLY___  
2023-02-03 14:33:08,706 INFO     ___FILE_ONLY___ │ 
2023-02-03 14:33:08,706 INFO     ___FILE_ONLY___     0.2.34
2023-02-03 14:33:08,706 INFO     ___FILE_ONLY___  
2023-02-03 14:33:08,706 INFO     ___FILE_ONLY___ │ 
2023-02-03 14:33:08,706 INFO     ___FILE_ONLY___ 68.6 MiB
2023-02-03 14:33:08,706 INFO     ___FILE_ONLY___  
2023-02-03 14:33:08,706 INFO     ___FILE_ONLY___ │
2023-02-03 14:33:08,706 INFO     ___FILE_ONLY___ 

2023-02-03 14:33:08,706 INFO     ___FILE_ONLY___ │ 
2023-02-03 14:33:08,707 INFO     ___FILE_ONLY___ gcloud cli dependencies                            
2023-02-03 14:33:08,707 INFO     ___FILE_ONLY___  
2023-02-03 14:33:08,707 INFO     ___FILE_ONLY___ │ 
2023-02-03 14:33:08,707 INFO     ___FILE_ONLY___ 2021.04.16
2023-02-03 14:33:08,707 INFO     ___FILE_ONLY___  
2023-02-03 14:33:08,707 INFO     ___FILE_ONLY___ │ 
2023-02-03 14:33:08,707 INFO     ___FILE_ONLY___  < 1 MiB
2023-02-03 14:33:08,707 INFO     ___FILE_ONLY___  
2023-02-03 14:33:08,707 INFO     ___FILE_ONLY___ │
2023-02-03 14:33:08,707 INFO     ___FILE_ONLY___ 

2023-02-03 14:33:08,707 INFO     ___FILE_ONLY___ └─────────────────────────────────────────────────────┴────────────┴──────────┘
2023-02-03 14:33:08,707 INFO     ___FILE_ONLY___ 

2023-02-03 14:33:08,707 INFO     ___FILE_ONLY___ 

2023-02-03 14:33:08,710 DEBUG    urllib3.connectionpool Starting new HTTPS connection (1): dl.google.com:443
2023-02-03 14:33:08,729 DEBUG    urllib3.connectionpool https://dl.google.com:443 "GET /dl/cloudsdk/channels/rapid/RELEASE_NOTES HTTP/1.1" 200 936445
2023-02-03 14:33:08,756 INFO     ___FILE_ONLY___ For the latest full release notes, please visit:
  https://cloud.google.com/sdk/release_notes


2023-02-03 14:33:08,762 INFO     ___FILE_ONLY___ ╔════════════════════════════════════════════════════════════╗

2023-02-03 14:33:08,762 INFO     ___FILE_ONLY___ ╠═ Creating update staging area                             ═╣

2023-02-03 14:33:08,762 INFO     ___FILE_ONLY___ ╚
2023-02-03 14:33:08,763 INFO     ___FILE_ONLY___ ══════
2023-02-03 14:33:08,763 INFO     ___FILE_ONLY___ ══════
2023-02-03 14:33:08,763 INFO     ___FILE_ONLY___ ══════
2023-02-03 14:33:08,910 INFO     ___FILE_ONLY___ ═
2023-02-03 14:33:08,963 INFO     ___FILE_ONLY___ ═
2023-02-03 14:33:09,013 INFO     ___FILE_ONLY___ ═
2023-02-03 14:33:09,060 INFO     ___FILE_ONLY___ ═
2023-02-03 14:33:09,121 INFO     ___FILE_ONLY___ ═
2023-02-03 14:33:09,185 INFO     ___FILE_ONLY___ ═
2023-02-03 14:33:09,237 INFO     ___FILE_ONLY___ ═
2023-02-03 14:33:09,287 INFO     ___FILE_ONLY___ ═
2023-02-03 14:33:09,333 INFO     ___FILE_ONLY___ ═
2023-02-03 14:33:09,391 INFO     ___FILE_ONLY___ ═
2023-02-03 14:33:09,447 INFO     ___FILE_ONLY___ ═
2023-02-03 14:33:09,506 INFO     ___FILE_ONLY___ ═
2023-02-03 14:33:09,557 INFO     ___FILE_ONLY___ ═
2023-02-03 14:33:09,607 INFO     ___FILE_ONLY___ ═
2023-02-03 14:33:09,663 INFO     ___FILE_ONLY___ ═
2023-02-03 14:33:09,733 INFO     ___FILE_ONLY___ ═
2023-02-03 14:33:09,793 INFO     ___FILE_ONLY___ ═
2023-02-03 14:33:09,861 INFO     ___FILE_ONLY___ ═
2023-02-03 14:33:09,888 INFO     ___FILE_ONLY___ ═
2023-02-03 14:33:09,914 INFO     ___FILE_ONLY___ ═
2023-02-03 14:33:09,946 INFO     ___FILE_ONLY___ ═
2023-02-03 14:33:09,977 INFO     ___FILE_ONLY___ ═
2023-02-03 14:33:10,003 INFO     ___FILE_ONLY___ ═
2023-02-03 14:33:10,031 INFO     ___FILE_ONLY___ ═
2023-02-03 14:33:10,151 INFO     ___FILE_ONLY___ ═
2023-02-03 14:33:10,195 INFO     ___FILE_ONLY___ ═
2023-02-03 14:33:10,362 INFO     ___FILE_ONLY___ ═
2023-02-03 14:33:10,446 INFO     ___FILE_ONLY___ ═
2023-02-03 14:33:10,483 INFO     ___FILE_ONLY___ ═
2023-02-03 14:33:10,528 INFO     ___FILE_ONLY___ ═
2023-02-03 14:33:10,577 INFO     ___FILE_ONLY___ ═
2023-02-03 14:33:10,626 INFO     ___FILE_ONLY___ ═
2023-02-03 14:33:10,673 INFO     ___FILE_ONLY___ ═
2023-02-03 14:33:10,728 INFO     ___FILE_ONLY___ ═
2023-02-03 14:33:10,802 INFO     ___FILE_ONLY___ ═
2023-02-03 14:33:10,858 INFO     ___FILE_ONLY___ ═
2023-02-03 14:33:10,910 INFO     ___FILE_ONLY___ ═
2023-02-03 14:33:10,974 INFO     ___FILE_ONLY___ ═
2023-02-03 14:33:11,029 INFO     ___FILE_ONLY___ ═
2023-02-03 14:33:11,087 INFO     ___FILE_ONLY___ ═
2023-02-03 14:33:11,215 INFO     ___FILE_ONLY___ ═
2023-02-03 14:33:11,263 INFO     ___FILE_ONLY___ ═
2023-02-03 14:33:11,263 INFO     ___FILE_ONLY___ ╝

2023-02-03 14:33:11,443 INFO     ___FILE_ONLY___ ╔════════════════════════════════════════════════════════════╗

2023-02-03 14:33:11,443 INFO     ___FILE_ONLY___ ╠═ Installing: BigQuery Command Line Tool                   ═╣

2023-02-03 14:33:11,444 INFO     ___FILE_ONLY___ ╚
2023-02-03 14:33:11,448 DEBUG    urllib3.connectionpool Starting new HTTPS connection (1): dl.google.com:443
2023-02-03 14:33:11,466 DEBUG    urllib3.connectionpool https://dl.google.com:443 "GET /dl/cloudsdk/channels/rapid/components/google-cloud-sdk-bq-20230120151534.tar.gz HTTP/1.1" 200 1695516
2023-02-03 14:33:11,479 INFO     ___FILE_ONLY___ ═
2023-02-03 14:33:11,480 INFO     ___FILE_ONLY___ ═
2023-02-03 14:33:11,480 INFO     ___FILE_ONLY___ ═
2023-02-03 14:33:11,480 INFO     ___FILE_ONLY___ ═
2023-02-03 14:33:11,480 INFO     ___FILE_ONLY___ ═
2023-02-03 14:33:11,480 INFO     ___FILE_ONLY___ ═
2023-02-03 14:33:11,481 INFO     ___FILE_ONLY___ ═
2023-02-03 14:33:11,481 INFO     ___FILE_ONLY___ ═
2023-02-03 14:33:11,481 INFO     ___FILE_ONLY___ ═
2023-02-03 14:33:11,481 INFO     ___FILE_ONLY___ ═
2023-02-03 14:33:11,481 INFO     ___FILE_ONLY___ ═
2023-02-03 14:33:11,482 INFO     ___FILE_ONLY___ ═
2023-02-03 14:33:11,482 INFO     ___FILE_ONLY___ ═
2023-02-03 14:33:11,482 INFO     ___FILE_ONLY___ ═
2023-02-03 14:33:11,482 INFO     ___FILE_ONLY___ ═
2023-02-03 14:33:11,482 INFO     ___FILE_ONLY___ ═
2023-02-03 14:33:11,483 INFO     ___FILE_ONLY___ ═
2023-02-03 14:33:11,483 INFO     ___FILE_ONLY___ ═
2023-02-03 14:33:11,483 INFO     ___FILE_ONLY___ ═
2023-02-03 14:33:11,483 INFO     ___FILE_ONLY___ ═
2023-02-03 14:33:11,484 INFO     ___FILE_ONLY___ ═
2023-02-03 14:33:11,484 INFO     ___FILE_ONLY___ ═
2023-02-03 14:33:11,484 INFO     ___FILE_ONLY___ ═
2023-02-03 14:33:11,484 INFO     ___FILE_ONLY___ ═
2023-02-03 14:33:11,484 INFO     ___FILE_ONLY___ ═
2023-02-03 14:33:11,485 INFO     ___FILE_ONLY___ ═
2023-02-03 14:33:11,485 INFO     ___FILE_ONLY___ ═
2023-02-03 14:33:11,485 INFO     ___FILE_ONLY___ ═
2023-02-03 14:33:11,485 INFO     ___FILE_ONLY___ ═
2023-02-03 14:33:11,485 INFO     ___FILE_ONLY___ ═
2023-02-03 14:33:11,599 INFO     ___FILE_ONLY___ ═
2023-02-03 14:33:11,602 INFO     ___FILE_ONLY___ ═
2023-02-03 14:33:11,607 INFO     ___FILE_ONLY___ ═
2023-02-03 14:33:11,613 INFO     ___FILE_ONLY___ ═
2023-02-03 14:33:11,618 INFO     ___FILE_ONLY___ ═
2023-02-03 14:33:11,621 INFO     ___FILE_ONLY___ ═
2023-02-03 14:33:11,624 INFO     ___FILE_ONLY___ ═
2023-02-03 14:33:11,629 INFO     ___FILE_ONLY___ ═
2023-02-03 14:33:11,633 INFO     ___FILE_ONLY___ ═
2023-02-03 14:33:11,637 INFO     ___FILE_ONLY___ ═
2023-02-03 14:33:11,641 INFO     ___FILE_ONLY___ ═
2023-02-03 14:33:11,644 INFO     ___FILE_ONLY___ ═
2023-02-03 14:33:11,650 INFO     ___FILE_ONLY___ ═
2023-02-03 14:33:11,656 INFO     ___FILE_ONLY___ ═
2023-02-03 14:33:11,661 INFO     ___FILE_ONLY___ ═
2023-02-03 14:33:11,665 INFO     ___FILE_ONLY___ ═
2023-02-03 14:33:11,668 INFO     ___FILE_ONLY___ ═
2023-02-03 14:33:11,672 INFO     ___FILE_ONLY___ ═
2023-02-03 14:33:11,676 INFO     ___FILE_ONLY___ ═
2023-02-03 14:33:11,680 INFO     ___FILE_ONLY___ ═
2023-02-03 14:33:11,685 INFO     ___FILE_ONLY___ ═
2023-02-03 14:33:11,689 INFO     ___FILE_ONLY___ ═
2023-02-03 14:33:11,693 INFO     ___FILE_ONLY___ ═
2023-02-03 14:33:11,697 INFO     ___FILE_ONLY___ ═
2023-02-03 14:33:11,701 INFO     ___FILE_ONLY___ ═
2023-02-03 14:33:11,705 INFO     ___FILE_ONLY___ ═
2023-02-03 14:33:11,709 INFO     ___FILE_ONLY___ ═
2023-02-03 14:33:11,713 INFO     ___FILE_ONLY___ ═
2023-02-03 14:33:11,717 INFO     ___FILE_ONLY___ ═
2023-02-03 14:33:11,721 INFO     ___FILE_ONLY___ ═
2023-02-03 14:33:11,721 INFO     ___FILE_ONLY___ ╝

2023-02-03 14:33:11,738 INFO     ___FILE_ONLY___ ╔════════════════════════════════════════════════════════════╗

2023-02-03 14:33:11,738 INFO     ___FILE_ONLY___ ╠═ Installing: BigQuery Command Line Tool (Platform Spec... ═╣

2023-02-03 14:33:11,738 INFO     ___FILE_ONLY___ ╚
2023-02-03 14:33:11,743 DEBUG    urllib3.connectionpool Starting new HTTPS connection (1): dl.google.com:443
2023-02-03 14:33:11,759 DEBUG    urllib3.connectionpool https://dl.google.com:443 "GET /dl/cloudsdk/channels/rapid/components/google-cloud-sdk-bq-nix-20220920185015.tar.gz HTTP/1.1" 200 1837
2023-02-03 14:33:11,760 INFO     ___FILE_ONLY___ ══════════════════════════════
2023-02-03 14:33:11,761 INFO     ___FILE_ONLY___ ══════════════════════════════
2023-02-03 14:33:11,761 INFO     ___FILE_ONLY___ ╝

2023-02-03 14:33:11,773 INFO     ___FILE_ONLY___ ╔════════════════════════════════════════════════════════════╗

2023-02-03 14:33:11,773 INFO     ___FILE_ONLY___ ╠═ Installing: Bundled Python 3.9                           ═╣

2023-02-03 14:33:11,773 INFO     ___FILE_ONLY___ ╚
2023-02-03 14:33:11,778 DEBUG    urllib3.connectionpool Starting new HTTPS connection (1): dl.google.com:443
2023-02-03 14:33:11,800 DEBUG    urllib3.connectionpool https://dl.google.com:443 "GET /dl/cloudsdk/channels/rapid/components/google-cloud-sdk-bundled-python3-unix-linux-x86_64-20230113144351.tar.gz HTTP/1.1" 200 66435937
2023-02-03 14:33:12,064 INFO     ___FILE_ONLY___ ═
2023-02-03 14:33:12,067 INFO     ___FILE_ONLY___ ═
2023-02-03 14:33:12,070 INFO     ___FILE_ONLY___ ═
2023-02-03 14:33:12,073 INFO     ___FILE_ONLY___ ═
2023-02-03 14:33:12,076 INFO     ___FILE_ONLY___ ═
2023-02-03 14:33:12,078 INFO     ___FILE_ONLY___ ═
2023-02-03 14:33:12,081 INFO     ___FILE_ONLY___ ═
2023-02-03 14:33:12,083 INFO     ___FILE_ONLY___ ═
2023-02-03 14:33:12,086 INFO     ___FILE_ONLY___ ═
2023-02-03 14:33:12,089 INFO     ___FILE_ONLY___ ═
2023-02-03 14:33:12,091 INFO     ___FILE_ONLY___ ═
2023-02-03 14:33:12,094 INFO     ___FILE_ONLY___ ═
2023-02-03 14:33:12,096 INFO     ___FILE_ONLY___ ═
2023-02-03 14:33:12,099 INFO     ___FILE_ONLY___ ═
2023-02-03 14:33:12,101 INFO     ___FILE_ONLY___ ═
2023-02-03 14:33:12,104 INFO     ___FILE_ONLY___ ═
2023-02-03 14:33:12,107 INFO     ___FILE_ONLY___ ═
2023-02-03 14:33:12,109 INFO     ___FILE_ONLY___ ═
2023-02-03 14:33:12,112 INFO     ___FILE_ONLY___ ═
2023-02-03 14:33:12,115 INFO     ___FILE_ONLY___ ═
2023-02-03 14:33:12,117 INFO     ___FILE_ONLY___ ═
2023-02-03 14:33:12,120 INFO     ___FILE_ONLY___ ═
2023-02-03 14:33:12,123 INFO     ___FILE_ONLY___ ═
2023-02-03 14:33:12,125 INFO     ___FILE_ONLY___ ═
2023-02-03 14:33:12,128 INFO     ___FILE_ONLY___ ═
2023-02-03 14:33:12,131 INFO     ___FILE_ONLY___ ═
2023-02-03 14:33:12,133 INFO     ___FILE_ONLY___ ═
2023-02-03 14:33:12,136 INFO     ___FILE_ONLY___ ═
2023-02-03 14:33:12,138 INFO     ___FILE_ONLY___ ═
2023-02-03 14:33:12,141 INFO     ___FILE_ONLY___ ═
2023-02-03 14:33:14,038 INFO     ___FILE_ONLY___ ═
2023-02-03 14:33:14,050 INFO     ___FILE_ONLY___ ═
2023-02-03 14:33:14,065 INFO     ___FILE_ONLY___ ═
2023-02-03 14:33:14,078 INFO     ___FILE_ONLY___ ═
2023-02-03 14:33:14,091 INFO     ___FILE_ONLY___ ═
2023-02-03 14:33:14,109 INFO     ___FILE_ONLY___ ═
2023-02-03 14:33:14,126 INFO     ___FILE_ONLY___ ═
2023-02-03 14:33:14,148 INFO     ___FILE_ONLY___ ═
2023-02-03 14:33:14,163 INFO     ___FILE_ONLY___ ═
2023-02-03 14:33:14,179 INFO     ___FILE_ONLY___ ═
2023-02-03 14:33:14,197 INFO     ___FILE_ONLY___ ═
2023-02-03 14:33:14,215 INFO     ___FILE_ONLY___ ═
2023-02-03 14:33:14,329 INFO     ___FILE_ONLY___ ═
2023-02-03 14:33:14,344 INFO     ___FILE_ONLY___ ═
2023-02-03 14:33:14,390 INFO     ___FILE_ONLY___ ═
2023-02-03 14:33:14,458 INFO     ___FILE_ONLY___ ═
2023-02-03 14:33:14,481 INFO     ___FILE_ONLY___ ═
2023-02-03 14:33:14,501 INFO     ___FILE_ONLY___ ═
2023-02-03 14:33:14,520 INFO     ___FILE_ONLY___ ═
2023-02-03 14:33:14,556 INFO     ___FILE_ONLY___ ═
2023-02-03 14:33:14,571 INFO     ___FILE_ONLY___ ═
2023-02-03 14:33:14,584 INFO     ___FILE_ONLY___ ═
2023-02-03 14:33:14,599 INFO     ___FILE_ONLY___ ═
2023-02-03 14:33:14,617 INFO     ___FILE_ONLY___ ═
2023-02-03 14:33:14,636 INFO     ___FILE_ONLY___ ═
2023-02-03 14:33:14,655 INFO     ___FILE_ONLY___ ═
2023-02-03 14:33:15,273 INFO     ___FILE_ONLY___ ═
2023-02-03 14:33:15,562 INFO     ___FILE_ONLY___ ═
2023-02-03 14:33:15,573 INFO     ___FILE_ONLY___ ═
2023-02-03 14:33:15,585 INFO     ___FILE_ONLY___ ═
2023-02-03 14:33:15,586 INFO     ___FILE_ONLY___ ╝

2023-02-03 14:33:15,634 INFO     ___FILE_ONLY___ ╔════════════════════════════════════════════════════════════╗

2023-02-03 14:33:15,635 INFO     ___FILE_ONLY___ ╠═ Installing: Bundled Python 3.9                           ═╣

2023-02-03 14:33:15,635 INFO     ___FILE_ONLY___ ╚
2023-02-03 14:33:15,640 INFO     ___FILE_ONLY___ ════════════════════════════════════════════════════════════
2023-02-03 14:33:15,640 INFO     ___FILE_ONLY___ ╝

2023-02-03 14:33:15,646 INFO     ___FILE_ONLY___ ╔════════════════════════════════════════════════════════════╗

2023-02-03 14:33:15,646 INFO     ___FILE_ONLY___ ╠═ Installing: Cloud Storage Command Line Tool              ═╣

2023-02-03 14:33:15,646 INFO     ___FILE_ONLY___ ╚
2023-02-03 14:33:15,650 DEBUG    urllib3.connectionpool Starting new HTTPS connection (1): dl.google.com:443
2023-02-03 14:33:15,672 DEBUG    urllib3.connectionpool https://dl.google.com:443 "GET /dl/cloudsdk/channels/rapid/components/google-cloud-sdk-gsutil-20230130152419.tar.gz HTTP/1.1" 200 16311040
2023-02-03 14:33:15,741 INFO     ___FILE_ONLY___ ═
2023-02-03 14:33:15,742 INFO     ___FILE_ONLY___ ═
2023-02-03 14:33:15,743 INFO     ___FILE_ONLY___ ═
2023-02-03 14:33:15,743 INFO     ___FILE_ONLY___ ═
2023-02-03 14:33:15,744 INFO     ___FILE_ONLY___ ═
2023-02-03 14:33:15,745 INFO     ___FILE_ONLY___ ═
2023-02-03 14:33:15,745 INFO     ___FILE_ONLY___ ═
2023-02-03 14:33:15,746 INFO     ___FILE_ONLY___ ═
2023-02-03 14:33:15,747 INFO     ___FILE_ONLY___ ═
2023-02-03 14:33:15,747 INFO     ___FILE_ONLY___ ═
2023-02-03 14:33:15,748 INFO     ___FILE_ONLY___ ═
2023-02-03 14:33:15,749 INFO     ___FILE_ONLY___ ═
2023-02-03 14:33:15,749 INFO     ___FILE_ONLY___ ═
2023-02-03 14:33:15,750 INFO     ___FILE_ONLY___ ═
2023-02-03 14:33:15,751 INFO     ___FILE_ONLY___ ═
2023-02-03 14:33:15,751 INFO     ___FILE_ONLY___ ═
2023-02-03 14:33:15,752 INFO     ___FILE_ONLY___ ═
2023-02-03 14:33:15,753 INFO     ___FILE_ONLY___ ═
2023-02-03 14:33:15,754 INFO     ___FILE_ONLY___ ═
2023-02-03 14:33:15,754 INFO     ___FILE_ONLY___ ═
2023-02-03 14:33:15,755 INFO     ___FILE_ONLY___ ═
2023-02-03 14:33:15,756 INFO     ___FILE_ONLY___ ═
2023-02-03 14:33:15,756 INFO     ___FILE_ONLY___ ═
2023-02-03 14:33:15,757 INFO     ___FILE_ONLY___ ═
2023-02-03 14:33:15,758 INFO     ___FILE_ONLY___ ═
2023-02-03 14:33:15,758 INFO     ___FILE_ONLY___ ═
2023-02-03 14:33:15,759 INFO     ___FILE_ONLY___ ═
2023-02-03 14:33:15,760 INFO     ___FILE_ONLY___ ═
2023-02-03 14:33:15,760 INFO     ___FILE_ONLY___ ═
2023-02-03 14:33:15,761 INFO     ___FILE_ONLY___ ═
2023-02-03 14:33:16,870 INFO     ___FILE_ONLY___ ═
2023-02-03 14:33:16,940 INFO     ___FILE_ONLY___ ═
2023-02-03 14:33:16,981 INFO     ___FILE_ONLY___ ═
2023-02-03 14:33:17,033 INFO     ___FILE_ONLY___ ═
2023-02-03 14:33:17,092 INFO     ___FILE_ONLY___ ═
2023-02-03 14:33:17,132 INFO     ___FILE_ONLY___ ═
2023-02-03 14:33:17,178 INFO     ___FILE_ONLY___ ═
2023-02-03 14:33:17,217 INFO     ___FILE_ONLY___ ═
2023-02-03 14:33:17,252 INFO     ___FILE_ONLY___ ═
2023-02-03 14:33:17,289 INFO     ___FILE_ONLY___ ═
2023-02-03 14:33:17,326 INFO     ___FILE_ONLY___ ═
2023-02-03 14:33:17,382 INFO     ___FILE_ONLY___ ═
2023-02-03 14:33:17,429 INFO     ___FILE_ONLY___ ═
2023-02-03 14:33:17,478 INFO     ___FILE_ONLY___ ═
2023-02-03 14:33:17,515 INFO     ___FILE_ONLY___ ═
2023-02-03 14:33:17,551 INFO     ___FILE_ONLY___ ═
2023-02-03 14:33:17,594 INFO     ___FILE_ONLY___ ═
2023-02-03 14:33:17,640 INFO     ___FILE_ONLY___ ═
2023-02-03 14:33:17,675 INFO     ___FILE_ONLY___ ═
2023-02-03 14:33:17,715 INFO     ___FILE_ONLY___ ═
2023-02-03 14:33:17,756 INFO     ___FILE_ONLY___ ═
2023-02-03 14:33:17,797 INFO     ___FILE_ONLY___ ═
2023-02-03 14:33:17,846 INFO     ___FILE_ONLY___ ═
2023-02-03 14:33:17,887 INFO     ___FILE_ONLY___ ═
2023-02-03 14:33:17,934 INFO     ___FILE_ONLY___ ═
2023-02-03 14:33:17,982 INFO     ___FILE_ONLY___ ═
2023-02-03 14:33:18,019 INFO     ___FILE_ONLY___ ═
2023-02-03 14:33:18,054 INFO     ___FILE_ONLY___ ═
2023-02-03 14:33:18,089 INFO     ___FILE_ONLY___ ═
2023-02-03 14:33:18,140 INFO     ___FILE_ONLY___ ═
2023-02-03 14:33:18,140 INFO     ___FILE_ONLY___ ╝

2023-02-03 14:33:18,233 INFO     ___FILE_ONLY___ ╔════════════════════════════════════════════════════════════╗

2023-02-03 14:33:18,233 INFO     ___FILE_ONLY___ ╠═ Installing: Cloud Storage Command Line Tool (Platform... ═╣

2023-02-03 14:33:18,233 INFO     ___FILE_ONLY___ ╚
2023-02-03 14:33:18,238 DEBUG    urllib3.connectionpool Starting new HTTPS connection (1): dl.google.com:443
2023-02-03 14:33:18,254 DEBUG    urllib3.connectionpool https://dl.google.com:443 "GET /dl/cloudsdk/channels/rapid/components/google-cloud-sdk-gsutil-nix-20220920185015.tar.gz HTTP/1.1" 200 1851
2023-02-03 14:33:18,255 INFO     ___FILE_ONLY___ ══════════════════════════════
2023-02-03 14:33:18,256 INFO     ___FILE_ONLY___ ══════════════════════════════
2023-02-03 14:33:18,256 INFO     ___FILE_ONLY___ ╝

2023-02-03 14:33:18,317 INFO     ___FILE_ONLY___ ╔════════════════════════════════════════════════════════════╗

2023-02-03 14:33:18,317 INFO     ___FILE_ONLY___ ╠═ Installing: Default set of gcloud commands               ═╣

2023-02-03 14:33:18,317 INFO     ___FILE_ONLY___ ╚
2023-02-03 14:33:18,322 INFO     ___FILE_ONLY___ ════════════════════════════════════════════════════════════
2023-02-03 14:33:18,322 INFO     ___FILE_ONLY___ ╝

2023-02-03 14:33:18,328 INFO     ___FILE_ONLY___ ╔════════════════════════════════════════════════════════════╗

2023-02-03 14:33:18,328 INFO     ___FILE_ONLY___ ╠═ Installing: Google Cloud CLI Core Libraries (Platform... ═╣

2023-02-03 14:33:18,328 INFO     ___FILE_ONLY___ ╚
2023-02-03 14:33:18,332 DEBUG    urllib3.connectionpool Starting new HTTPS connection (1): dl.google.com:443
2023-02-03 14:33:18,349 DEBUG    urllib3.connectionpool https://dl.google.com:443 "GET /dl/cloudsdk/channels/rapid/components/google-cloud-sdk-core-nix-20220920185015.tar.gz HTTP/1.1" 200 2221
2023-02-03 14:33:18,350 INFO     ___FILE_ONLY___ ══════════════════════════════
2023-02-03 14:33:18,352 INFO     ___FILE_ONLY___ ═══════════════
2023-02-03 14:33:18,352 INFO     ___FILE_ONLY___ ═══════════════
2023-02-03 14:33:18,352 INFO     ___FILE_ONLY___ ╝

2023-02-03 14:33:18,364 INFO     ___FILE_ONLY___ ╔════════════════════════════════════════════════════════════╗

2023-02-03 14:33:18,364 INFO     ___FILE_ONLY___ ╠═ Installing: Google Cloud CRC32C Hash Tool                ═╣

2023-02-03 14:33:18,365 INFO     ___FILE_ONLY___ ╚
2023-02-03 14:33:18,369 DEBUG    urllib3.connectionpool Starting new HTTPS connection (1): dl.google.com:443
2023-02-03 14:33:18,391 DEBUG    urllib3.connectionpool https://dl.google.com:443 "GET /dl/cloudsdk/channels/rapid/components/google-cloud-sdk-gcloud-crc32c-linux-x86_64-20221205224721.tar.gz HTTP/1.1" 200 1235322
2023-02-03 14:33:18,402 INFO     ___FILE_ONLY___ ═
2023-02-03 14:33:18,402 INFO     ___FILE_ONLY___ ═
2023-02-03 14:33:18,402 INFO     ___FILE_ONLY___ ═
2023-02-03 14:33:18,402 INFO     ___FILE_ONLY___ ═
2023-02-03 14:33:18,402 INFO     ___FILE_ONLY___ ═
2023-02-03 14:33:18,403 INFO     ___FILE_ONLY___ ═
2023-02-03 14:33:18,403 INFO     ___FILE_ONLY___ ═
2023-02-03 14:33:18,403 INFO     ___FILE_ONLY___ ═
2023-02-03 14:33:18,403 INFO     ___FILE_ONLY___ ═
2023-02-03 14:33:18,403 INFO     ___FILE_ONLY___ ═
2023-02-03 14:33:18,403 INFO     ___FILE_ONLY___ ═
2023-02-03 14:33:18,403 INFO     ___FILE_ONLY___ ═
2023-02-03 14:33:18,403 INFO     ___FILE_ONLY___ ═
2023-02-03 14:33:18,404 INFO     ___FILE_ONLY___ ═
2023-02-03 14:33:18,404 INFO     ___FILE_ONLY___ ═
2023-02-03 14:33:18,404 INFO     ___FILE_ONLY___ ═
2023-02-03 14:33:18,404 INFO     ___FILE_ONLY___ ═
2023-02-03 14:33:18,404 INFO     ___FILE_ONLY___ ═
2023-02-03 14:33:18,404 INFO     ___FILE_ONLY___ ═
2023-02-03 14:33:18,404 INFO     ___FILE_ONLY___ ═
2023-02-03 14:33:18,404 INFO     ___FILE_ONLY___ ═
2023-02-03 14:33:18,405 INFO     ___FILE_ONLY___ ═
2023-02-03 14:33:18,405 INFO     ___FILE_ONLY___ ═
2023-02-03 14:33:18,405 INFO     ___FILE_ONLY___ ═
2023-02-03 14:33:18,405 INFO     ___FILE_ONLY___ ═
2023-02-03 14:33:18,405 INFO     ___FILE_ONLY___ ═
2023-02-03 14:33:18,405 INFO     ___FILE_ONLY___ ═
2023-02-03 14:33:18,405 INFO     ___FILE_ONLY___ ═
2023-02-03 14:33:18,405 INFO     ___FILE_ONLY___ ═
2023-02-03 14:33:18,405 INFO     ___FILE_ONLY___ ═
2023-02-03 14:33:18,439 INFO     ___FILE_ONLY___ ═══════════════
2023-02-03 14:33:18,440 INFO     ___FILE_ONLY___ ═══════════════
2023-02-03 14:33:18,440 INFO     ___FILE_ONLY___ ╝

2023-02-03 14:33:18,452 INFO     ___FILE_ONLY___ ╔════════════════════════════════════════════════════════════╗

2023-02-03 14:33:18,453 INFO     ___FILE_ONLY___ ╠═ Installing: Google Cloud CRC32C Hash Tool                ═╣

2023-02-03 14:33:18,453 INFO     ___FILE_ONLY___ ╚
2023-02-03 14:33:18,458 INFO     ___FILE_ONLY___ ════════════════════════════════════════════════════════════
2023-02-03 14:33:18,458 INFO     ___FILE_ONLY___ ╝

2023-02-03 14:33:18,464 INFO     ___FILE_ONLY___ ╔════════════════════════════════════════════════════════════╗

2023-02-03 14:33:18,464 INFO     ___FILE_ONLY___ ╠═ Installing: anthoscli                                    ═╣

2023-02-03 14:33:18,464 INFO     ___FILE_ONLY___ ╚
2023-02-03 14:33:18,468 DEBUG    urllib3.connectionpool Starting new HTTPS connection (1): dl.google.com:443
2023-02-03 14:33:18,486 DEBUG    urllib3.connectionpool https://dl.google.com:443 "GET /dl/cloudsdk/channels/rapid/components/google-cloud-sdk-anthoscli-linux-x86_64-20230120151534.tar.gz HTTP/1.1" 200 71949127
2023-02-03 14:33:18,793 INFO     ___FILE_ONLY___ ═
2023-02-03 14:33:18,796 INFO     ___FILE_ONLY___ ═
2023-02-03 14:33:18,799 INFO     ___FILE_ONLY___ ═
2023-02-03 14:33:18,801 INFO     ___FILE_ONLY___ ═
2023-02-03 14:33:18,804 INFO     ___FILE_ONLY___ ═
2023-02-03 14:33:18,807 INFO     ___FILE_ONLY___ ═
2023-02-03 14:33:18,809 INFO     ___FILE_ONLY___ ═
2023-02-03 14:33:18,812 INFO     ___FILE_ONLY___ ═
2023-02-03 14:33:18,815 INFO     ___FILE_ONLY___ ═
2023-02-03 14:33:18,817 INFO     ___FILE_ONLY___ ═
2023-02-03 14:33:18,820 INFO     ___FILE_ONLY___ ═
2023-02-03 14:33:18,822 INFO     ___FILE_ONLY___ ═
2023-02-03 14:33:18,825 INFO     ___FILE_ONLY___ ═
2023-02-03 14:33:18,828 INFO     ___FILE_ONLY___ ═
2023-02-03 14:33:18,830 INFO     ___FILE_ONLY___ ═
2023-02-03 14:33:18,833 INFO     ___FILE_ONLY___ ═
2023-02-03 14:33:18,835 INFO     ___FILE_ONLY___ ═
2023-02-03 14:33:18,838 INFO     ___FILE_ONLY___ ═
2023-02-03 14:33:18,841 INFO     ___FILE_ONLY___ ═
2023-02-03 14:33:18,843 INFO     ___FILE_ONLY___ ═
2023-02-03 14:33:18,846 INFO     ___FILE_ONLY___ ═
2023-02-03 14:33:18,848 INFO     ___FILE_ONLY___ ═
2023-02-03 14:33:18,851 INFO     ___FILE_ONLY___ ═
2023-02-03 14:33:18,854 INFO     ___FILE_ONLY___ ═
2023-02-03 14:33:18,856 INFO     ___FILE_ONLY___ ═
2023-02-03 14:33:18,859 INFO     ___FILE_ONLY___ ═
2023-02-03 14:33:18,861 INFO     ___FILE_ONLY___ ═
2023-02-03 14:33:18,864 INFO     ___FILE_ONLY___ ═
2023-02-03 14:33:18,867 INFO     ___FILE_ONLY___ ═
2023-02-03 14:33:18,869 INFO     ___FILE_ONLY___ ═
2023-02-03 14:33:21,092 INFO     ___FILE_ONLY___ ══════════
2023-02-03 14:33:21,097 INFO     ___FILE_ONLY___ ═════════
2023-02-03 14:33:21,124 INFO     ___FILE_ONLY___ ═══════════
2023-02-03 14:33:21,124 INFO     ___FILE_ONLY___ ╝

2023-02-03 14:33:21,150 INFO     ___FILE_ONLY___ ╔════════════════════════════════════════════════════════════╗

2023-02-03 14:33:21,150 INFO     ___FILE_ONLY___ ╠═ Installing: anthoscli                                    ═╣

2023-02-03 14:33:21,150 INFO     ___FILE_ONLY___ ╚
2023-02-03 14:33:21,156 INFO     ___FILE_ONLY___ ════════════════════════════════════════════════════════════
2023-02-03 14:33:21,156 INFO     ___FILE_ONLY___ ╝

2023-02-03 14:33:21,162 INFO     ___FILE_ONLY___ ╔════════════════════════════════════════════════════════════╗

2023-02-03 14:33:21,162 INFO     ___FILE_ONLY___ ╠═ Installing: gcloud cli dependencies                      ═╣

2023-02-03 14:33:21,162 INFO     ___FILE_ONLY___ ╚
2023-02-03 14:33:21,166 DEBUG    urllib3.connectionpool Starting new HTTPS connection (1): dl.google.com:443
2023-02-03 14:33:21,188 DEBUG    urllib3.connectionpool https://dl.google.com:443 "GET /dl/cloudsdk/channels/rapid/components/google-cloud-sdk-gcloud-deps-linux-x86_64-20210416153011.tar.gz HTTP/1.1" 200 104
2023-02-03 14:33:21,189 INFO     ___FILE_ONLY___ ══════════════════════════════
2023-02-03 14:33:21,190 INFO     ___FILE_ONLY___ ══════════════════════════════
2023-02-03 14:33:21,190 INFO     ___FILE_ONLY___ ╝

2023-02-03 14:33:21,202 INFO     ___FILE_ONLY___ ╔════════════════════════════════════════════════════════════╗

2023-02-03 14:33:21,202 INFO     ___FILE_ONLY___ ╠═ Creating backup and activating new installation          ═╣

2023-02-03 14:33:21,202 INFO     ___FILE_ONLY___ ╚
2023-02-03 14:33:21,203 DEBUG    root            Attempting to move directory [/tools/google-cloud-sdk] to [/tools/google-cloud-sdk.staging/.install/.backup]
2023-02-03 14:33:21,203 INFO     ___FILE_ONLY___ ══════════════════════════════
2023-02-03 14:33:21,203 DEBUG    root            Attempting to move directory [/tools/google-cloud-sdk.staging] to [/tools/google-cloud-sdk]
2023-02-03 14:33:21,203 INFO     ___FILE_ONLY___ ══════════════════════════════
2023-02-03 14:33:21,203 INFO     ___FILE_ONLY___ ╝

2023-02-03 14:33:21,208 DEBUG    root            Updating notification cache...
2023-02-03 14:33:21,209 INFO     ___FILE_ONLY___ 

2023-02-03 14:33:21,215 INFO     ___FILE_ONLY___ Performing post processing steps...
2023-02-03 14:33:21,215 DEBUG    root            Executing command: ['python3', '-S', '/tools/google-cloud-sdk/lib/gcloud.py', 'components', 'post-process']
2023-02-03 14:33:46,319 DEBUG    ___FILE_ONLY___ 
2023-02-03 14:33:46,320 DEBUG    ___FILE_ONLY___ 
2023-02-03 14:33:46,505 INFO     ___FILE_ONLY___ 
Update done!


2023-02-03 14:33:46,510 DEBUG    root            Chosen display Format:none
2023-02-03 14:33:46,511 INFO     root            Display format: "none"
